2019-06-02 16:25:44 [INFO ] Server:14 - Server start
2019-06-03 00:42:45 [INFO ] Server:14 - Server start
2019-06-03 00:42:54 [INFO ] Server:14 - Server start
2019-06-03 00:42:54 [ERROR] Server:28 - Address already in use: JVM_Bind
[Ljava.lang.StackTraceElement;@5387f9e0
2019-06-03 00:43:10 [INFO ] Server:14 - Server start
2019-06-03 00:45:22 [INFO ] Server:14 - Server start
2019-06-03 00:47:39 [INFO ] Server:14 - Server start
2019-06-03 00:47:39 [ERROR] Server:28 - Address already in use: JVM_Bind
[Ljava.lang.StackTraceElement;@41906a77
2019-06-03 00:47:48 [INFO ] Server:14 - Server start
2019-06-03 00:48:02 [INFO ] Server:54 - client java connected
2019-06-03 00:48:14 [INFO ] Server:54 - client javatwo connected
2019-06-03 00:48:25 [INFO ] Server:26 - javac connected
2019-06-03 00:48:25 [INFO ] Server:115 - client java connected to agent javac
2019-06-03 00:48:37 [INFO ] Server:65 - client java disconnected from agent javac
2019-06-03 00:48:37 [INFO ] Server:115 - client javatwo connected to agent javac
2019-06-03 00:48:51 [INFO ] Server:85 - javatwo disconnected
2019-06-03 00:48:51 [INFO ] Server:91 - agent javac disconnected from client
2019-06-03 00:48:51 [INFO ] Server:115 - client java connected to agent javac
2019-06-03 00:49:07 [INFO ] Server:37 - agent javac disconnected
2019-06-03 00:49:07 [INFO ] Server:88 - javac exit
2019-06-03 09:51:42 [INFO ] Server:14 - Server start
2019-06-03 09:54:43 [INFO ] Server:14 - Server start
2019-06-03 09:54:43 [ERROR] Server:28 - Address already in use: JVM_Bind
[Ljava.lang.StackTraceElement;@41906a77
2019-06-03 09:54:53 [INFO ] Server:14 - Server start
2019-06-03 09:55:13 [INFO ] Server:54 - client java connected
2019-06-03 09:55:35 [INFO ] Server:26 - javac connected
2019-06-03 09:55:35 [INFO ] Server:115 - client java connected to agent javac
2019-06-03 09:56:32 [INFO ] Server:37 - agent javac disconnected
2019-06-03 09:56:32 [ERROR] Server:58 - incorrect exit Connection reset
2019-06-03 09:56:36 [INFO ] Server:85 - java disconnected
2019-06-03 09:56:36 [ERROR] Server:73 - incorrect exit Connection reset
2019-06-03 09:56:50 [INFO ] Server:54 - client java123 connected
2019-06-03 09:57:30 [INFO ] Server:26 - asd connected
2019-06-03 09:57:30 [INFO ] Server:115 - client java connected to agent asd
2019-06-03 09:57:30 [ERROR] Server:119 - Connection reset by peer: socket write error
2019-06-03 09:57:33 [ERROR] Server:119 - Connection reset by peer: socket write error
2019-06-03 09:57:33 [ERROR] Server:119 - Connection reset by peer: socket write error
2019-06-03 09:57:43 [ERROR] Server:119 - Connection reset by peer: socket write error
2019-06-03 09:57:49 [ERROR] Server:119 - Connection reset by peer: socket write error
2019-06-03 09:57:53 [INFO ] Server:85 - java123 disconnected
2019-06-03 09:57:53 [ERROR] Server:73 - incorrect exit Connection reset
2019-06-03 09:58:02 [INFO ] Server:37 - agent asd disconnected
2019-06-03 09:58:02 [ERROR] Server:119 - Connection reset by peer: socket write error
2019-06-03 09:58:02 [ERROR] Server:58 - incorrect exit Connection reset
2019-06-03 09:58:15 [INFO ] Server:54 - client javac connected
2019-06-03 09:58:31 [INFO ] Server:26 - asd connected
2019-06-03 09:58:31 [INFO ] Server:115 - client java connected to agent asd
2019-06-03 09:58:31 [ERROR] Server:119 - Connection reset by peer: socket write error
2019-06-03 09:58:41 [ERROR] Server:119 - Connection reset by peer: socket write error
2019-06-03 09:58:43 [ERROR] Server:119 - Connection reset by peer: socket write error
2019-06-03 09:58:53 [INFO ] Server:85 - javac disconnected
2019-06-03 09:58:53 [ERROR] Server:73 - incorrect exit Connection reset
2019-06-03 09:59:29 [INFO ] Server:14 - Server start
2019-06-03 09:59:44 [INFO ] Server:26 - javac connected
2019-06-03 09:59:56 [INFO ] Server:54 - client asd123 connected
2019-06-03 09:59:56 [INFO ] Server:115 - client asd123 connected to agent javac
2019-06-03 10:01:17 [INFO ] Server:14 - Server start
2019-06-03 10:01:33 [INFO ] Server:54 - client asd12 connected
2019-06-03 10:01:42 [INFO ] Server:26 - java connected
2019-06-03 10:01:42 [INFO ] Server:115 - client asd12 connected to agent java
2019-06-03 10:02:02 [INFO ] Server:37 - agent java disconnected
2019-06-03 10:02:02 [ERROR] Server:58 - incorrect exit Connection reset
2019-06-03 10:02:08 [INFO ] Server:85 - asd12 disconnected
2019-06-03 10:02:08 [ERROR] Server:73 - incorrect exit Connection reset
2019-06-03 10:29:10 [INFO ] Server:14 - Server start
2019-06-03 10:29:24 [INFO ] Server:54 - client java connected
2019-06-03 10:29:27 [INFO ] Server:54 - client java connected
2019-06-03 10:29:37 [INFO ] Server:26 - javac connected
2019-06-03 10:29:37 [INFO ] Server:116 - client java connected to agent javac
2019-06-03 10:30:12 [INFO ] Server:14 - Server start
2019-06-03 10:30:12 [ERROR] Server:28 - Address already in use: JVM_Bind
[Ljava.lang.StackTraceElement;@41906a77
2019-06-03 10:30:32 [INFO ] Server:26 - javac2 connected
2019-06-03 10:30:46 [INFO ] Server:67 - client java disconnected from agent javac
2019-06-03 10:30:52 [INFO ] Server:54 - client java connected
2019-06-03 10:30:52 [INFO ] Server:116 - client java connected to agent javac2
2019-06-03 10:31:09 [INFO ] Server:86 - java disconnected
2019-06-03 10:31:09 [INFO ] Server:92 - agent javac2 disconnected from client
2019-06-03 10:31:09 [ERROR] Server:74 - incorrect exit Connection reset
2019-06-03 10:31:11 [INFO ] Server:37 - agent javac2 disconnected
2019-06-03 10:31:11 [ERROR] Server:58 - incorrect exit Connection reset
2019-06-03 10:31:13 [INFO ] Server:37 - agent javac disconnected
2019-06-03 10:31:13 [ERROR] Server:58 - incorrect exit Connection reset
2019-06-03 10:32:19 [INFO ] Server:14 - Server start
2019-06-03 10:32:31 [INFO ] Server:54 - client java connected
2019-06-03 10:32:39 [INFO ] Server:26 - java1 connected
2019-06-03 10:32:39 [INFO ] Server:116 - client java connected to agent java1
2019-06-03 10:32:57 [INFO ] Server:26 - jvc3 connected
2019-06-03 10:33:04 [INFO ] Server:67 - client java disconnected from agent java1
2019-06-03 10:33:08 [INFO ] Server:54 - client java connected
2019-06-03 10:33:08 [INFO ] Server:116 - client java connected to agent jvc3
2019-06-03 10:33:15 [INFO ] Server:86 - java disconnected
2019-06-03 10:33:15 [INFO ] Server:92 - agent jvc3 disconnected from client
2019-06-03 10:33:22 [INFO ] Server:37 - agent jvc3 disconnected
2019-06-03 10:33:22 [INFO ] Server:88 - jvc3 exit
2019-06-03 10:33:26 [INFO ] Server:37 - agent java1 disconnected
2019-06-03 10:33:26 [INFO ] Server:88 - java1 exit
2019-06-03 12:51:10 [INFO ] Server:15 - Server start
2019-06-03 12:51:38 [INFO ] Server:28 - java connected
2019-06-03 12:51:47 [INFO ] Server:56 - client javac connected
2019-06-03 12:51:47 [INFO ] Server:118 - client javac connected to agent java
2019-06-03 12:52:35 [INFO ] Server:39 - agent java disconnected
2019-06-03 12:52:35 [INFO ] Server:89 - java exit
2019-06-03 12:52:44 [INFO ] Server:88 - javac disconnected
2019-06-03 16:44:05 [INFO ] Server:15 - Server start
2019-06-03 16:44:08 [INFO ] Server:15 - Server start
2019-06-03 16:44:08 [ERROR] Server:29 - Address already in use: JVM_Bind
[Ljava.lang.StackTraceElement;@41906a77
2019-06-03 16:44:22 [INFO ] Server:56 - client java] connected
2019-06-03 16:44:34 [INFO ] Server:28 - javac connected
2019-06-03 16:44:34 [INFO ] Server:118 - client java] connected to agent javac
2019-06-03 16:45:01 [INFO ] Server:88 - java] disconnected
2019-06-03 16:45:01 [INFO ] Server:94 - agent javac disconnected from client
2019-06-03 16:45:04 [INFO ] Server:39 - agent javac disconnected
2019-06-03 16:45:04 [INFO ] Server:89 - javac exit
2019-06-06 14:48:31 [INFO ] Server:15 - Server start
2019-06-06 14:48:31 [ERROR] Server:29 - Address already in use: JVM_Bind
[Ljava.lang.StackTraceElement;@41906a77
2019-06-09 23:39:55 [INFO ] Server:15 - Server start
2019-06-09 23:43:13 [INFO ] Server:15 - Server start
2019-06-09 23:45:15 [INFO ] Server:15 - Server start
2019-06-09 23:45:40 [INFO ] Server:56 - client java connected
2019-06-09 23:45:55 [INFO ] Server:88 - java disconnected
2019-06-09 23:45:55 [ERROR] Server:75 - incorrect exit Connection reset
2019-06-09 23:46:29 [INFO ] Server:15 - Server start
2019-06-09 23:46:29 [ERROR] Server:30 - Address already in use: JVM_Bind
[Ljava.lang.StackTraceElement;@41906a77
2019-06-10 00:25:44 [INFO ] Server:15 - Server start
2019-06-10 00:28:20 [INFO ] Server:15 - Server start
2019-06-10 00:28:41 [INFO ] Server:56 - client Java connected
2019-06-10 00:29:00 [INFO ] Server:28 - javac connected
2019-06-10 00:29:00 [INFO ] Server:118 - client Java connected to agent javac
2019-06-10 00:40:46 [INFO ] Server:15 - Server start
2019-06-10 00:41:02 [INFO ] Server:56 - client Java connected
2019-06-10 00:41:50 [INFO ] Server:28 - Javac1 connected
2019-06-10 00:41:50 [INFO ] Server:118 - client Java connected to agent Javac1
2019-06-10 00:42:29 [INFO ] Server:28 - javac2 connected
2019-06-10 00:42:38 [INFO ] Server:69 - client Java disconnected from agent Javac1
2019-06-10 00:42:49 [INFO ] Server:56 - client Java connected
2019-06-10 00:42:49 [INFO ] Server:118 - client Java connected to agent javac2
2019-06-10 00:43:43 [INFO ] Server:88 - Java disconnected
2019-06-10 00:43:43 [INFO ] Server:94 - agent javac2 disconnected from client
2019-06-10 00:43:46 [INFO ] Server:39 - agent Javac1 disconnected
2019-06-10 00:43:46 [INFO ] Server:90 - Javac1 exit
2019-06-10 00:43:46 [INFO ] Server:39 - agent javac2 disconnected
2019-06-10 00:43:46 [INFO ] Server:90 - javac2 exit
2019-06-10 00:44:31 [INFO ] Server:56 - client Java connected
2019-06-10 00:44:31 [INFO ] Server:118 - client Java connected to agent Javac1
2019-06-10 00:44:31 [ERROR] Server:72 - Stream closed
2019-06-10 00:45:24 [INFO ] Server:88 - Java disconnected
2019-06-10 00:45:24 [ERROR] Server:72 - Stream closed
2019-06-10 00:45:24 [INFO ] Server:94 - agent Javac1 disconnected from client
2019-06-10 00:51:27 [INFO ] Server:15 - Server start
2019-06-10 00:51:40 [INFO ] Server:56 - client Java connected
2019-06-10 00:51:46 [INFO ] Server:56 - client Java connected
2019-06-10 00:51:49 [INFO ] Server:56 - client Java connected
2019-06-10 00:52:03 [INFO ] Server:28 - Javac1 connected
2019-06-10 00:52:03 [INFO ] Server:118 - client Java connected to agent Javac1
2019-06-10 00:52:20 [INFO ] Server:88 - Java disconnected
2019-06-10 00:52:20 [INFO ] Server:94 - agent Javac1 disconnected from client
2019-06-10 00:52:32 [INFO ] Server:56 - client Java connected
2019-06-10 00:52:32 [INFO ] Server:118 - client Java connected to agent Javac1
2019-06-10 00:52:47 [INFO ] Server:28 - javac connected
2019-06-10 00:52:57 [INFO ] Server:69 - client Java disconnected from agent Javac1
2019-06-10 00:53:14 [INFO ] Server:56 - client Java connected
2019-06-10 00:53:14 [INFO ] Server:118 - client Java connected to agent javac
2019-06-10 00:53:28 [INFO ] Server:39 - agent javac disconnected
2019-06-10 00:53:28 [INFO ] Server:118 - client Java connected to agent Javac1
2019-06-10 00:53:28 [INFO ] Server:89 - javac exit
2019-06-10 00:53:37 [INFO ] Server:88 - Java disconnected
2019-06-10 00:53:37 [INFO ] Server:94 - agent Javac1 disconnected from client
2019-06-10 00:53:40 [INFO ] Server:39 - agent Javac1 disconnected
2019-06-10 00:53:40 [ERROR] Server:59 - incorrect exit Connection reset
2019-06-10 00:53:49 [INFO ] Server:56 - client Java connected
2019-06-10 00:53:49 [INFO ] Server:118 - client Java connected to agent Javac1
2019-06-10 00:53:49 [ERROR] Server:71 - Connection reset by peer: socket write error
2019-06-10 00:54:11 [INFO ] Server:88 - Java disconnected
2019-06-10 00:54:11 [ERROR] Server:71 - Connection reset by peer: socket write error
2019-06-10 00:54:11 [INFO ] Server:94 - agent Javac1 disconnected from client
2019-06-10 00:54:18 [INFO ] Server:28 - javax connected
2019-06-10 00:54:28 [INFO ] Server:39 - agent javax disconnected
2019-06-10 00:54:28 [INFO ] Server:89 - javax exit
2019-06-10 00:54:38 [INFO ] Server:56 - client Java connected
2019-06-10 00:54:38 [INFO ] Server:118 - client Java connected to agent Javac1
2019-06-10 00:54:38 [ERROR] Server:71 - Connection reset by peer: socket write error
2019-06-10 00:56:00 [INFO ] Server:88 - Java disconnected
2019-06-10 00:56:00 [ERROR] Server:71 - Connection reset by peer: socket write error
2019-06-10 00:56:00 [INFO ] Server:94 - agent Javac1 disconnected from client
2019-06-10 00:56:14 [INFO ] Server:28 - III connected
2019-06-10 00:57:47 [INFO ] Server:56 - client jjj connected
2019-06-10 00:57:47 [INFO ] Server:118 - client jjj connected to agent javax
2019-06-10 00:57:47 [ERROR] Server:71 - Stream closed
2019-06-10 00:58:12 [ERROR] Server:71 - Stream closed
2019-06-10 01:01:20 [INFO ] Server:15 - Server start
2019-06-10 01:02:34 [INFO ] Server:56 - client Java connected
2019-06-10 01:02:44 [INFO ] Server:28 - Javax connected
2019-06-10 01:02:44 [INFO ] Server:118 - client Java connected to agent Javax
2019-06-10 01:03:10 [INFO ] Server:39 - agent Javax disconnected
2019-06-10 01:03:10 [INFO ] Server:89 - Javax exit
2019-06-10 01:03:17 [INFO ] Server:56 - client Java connected
2019-06-10 01:03:17 [INFO ] Server:56 - client Java connected
2019-06-10 01:03:18 [INFO ] Server:56 - client Java connected
2019-06-10 01:03:18 [INFO ] Server:56 - client Java connected
2019-06-10 01:03:18 [INFO ] Server:56 - client Java connected
2019-06-10 01:03:19 [INFO ] Server:56 - client Java connected
2019-06-10 01:03:27 [INFO ] Server:28 - jav connected
2019-06-10 01:03:27 [INFO ] Server:118 - client Java connected to agent jav
2019-06-10 01:03:36 [INFO ] Server:39 - agent jav disconnected
2019-06-10 01:03:36 [INFO ] Server:89 - jav exit
2019-06-10 01:03:40 [INFO ] Server:88 - Java disconnected
2019-06-10 01:03:52 [INFO ] Server:56 - client Javs connected
2019-06-10 01:03:56 [INFO ] Server:88 - Javs disconnected
2019-06-10 01:04:04 [INFO ] Server:28 - Javax connected
2019-06-10 01:04:04 [INFO ] Server:118 - client Java connected to agent Javax
2019-06-10 01:04:04 [ERROR] Server:122 - Stream closed
2019-06-10 01:04:17 [INFO ] Server:39 - agent Javax disconnected
2019-06-10 01:04:17 [ERROR] Server:122 - Stream closed
2019-06-10 01:04:17 [INFO ] Server:89 - Javax exit
2019-06-10 01:04:26 [INFO ] Server:28 - asd connected
2019-06-10 01:04:26 [INFO ] Server:118 - client Java connected to agent asd
2019-06-10 01:04:26 [ERROR] Server:122 - Stream closed
2019-06-10 01:04:28 [INFO ] Server:39 - agent asd disconnected
2019-06-10 01:04:28 [ERROR] Server:122 - Stream closed
2019-06-10 01:04:28 [INFO ] Server:89 - asd exit
2019-06-10 01:05:20 [INFO ] Server:15 - Server start
2019-06-10 01:05:29 [INFO ] Server:56 - client asd connected
2019-06-10 01:05:34 [INFO ] Server:28 - asdgfd connected
2019-06-10 01:05:34 [INFO ] Server:118 - client asd connected to agent asdgfd
2019-06-10 01:05:50 [INFO ] Server:88 - asd disconnected
2019-06-10 01:05:50 [INFO ] Server:94 - agent asdgfd disconnected from client
2019-06-10 01:05:52 [INFO ] Server:39 - agent asdgfd disconnected
2019-06-10 01:05:52 [INFO ] Server:89 - asdgfd exit
2019-06-10 01:05:59 [INFO ] Server:28 - javax connected
2019-06-10 01:06:03 [INFO ] Server:39 - agent javax disconnected
2019-06-10 01:06:03 [INFO ] Server:89 - javax exit
2019-06-10 01:06:11 [INFO ] Server:56 - client asd connected
2019-06-10 01:06:11 [INFO ] Server:118 - client asd connected to agent asdgfd
2019-06-10 01:06:11 [ERROR] Server:71 - Stream closed
2019-06-10 01:10:29 [INFO ] Server:15 - Server start
2019-06-10 01:10:31 [INFO ] Server:15 - Server start
2019-06-10 01:10:40 [INFO ] Server:56 - client Jva connected
2019-06-10 01:10:49 [INFO ] Server:28 - Uipo connected
2019-06-10 01:10:49 [INFO ] Server:118 - client Jva connected to agent Uipo
2019-06-10 01:13:24 [INFO ] Server:15 - Server start
2019-06-10 01:13:40 [INFO ] Server:60 - client java connected
2019-06-10 01:13:46 [INFO ] Server:30 - javc connected
2019-06-10 01:13:46 [INFO ] Server:124 - client java connected to agent javc
2019-06-10 01:13:56 [INFO ] Server:41 - agent javc disconnected
2019-06-10 01:13:56 [INFO ] Server:89 - javc exit
2019-06-10 01:13:57 [INFO ] Server:92 - java disconnected
2019-06-10 01:14:03 [INFO ] Server:60 - client jasd connected
2019-06-10 01:14:06 [INFO ] Server:92 - jasd disconnected
2019-06-10 01:14:12 [INFO ] Server:30 - fgh connected
2019-06-10 01:14:14 [INFO ] Server:41 - agent fgh disconnected
2019-06-10 01:14:14 [INFO ] Server:89 - fgh exit
2019-06-10 15:47:42 [INFO ] Server:15 - Server start
2019-06-10 15:47:49 [INFO ] Server:60 - client Java connected
2019-06-10 15:47:51 [INFO ] Server:60 - client Java connected
2019-06-10 15:47:52 [INFO ] Server:60 - client Java connected
2019-06-10 15:47:52 [INFO ] Server:60 - client Java connected
2019-06-10 15:47:52 [INFO ] Server:60 - client Java connected
2019-06-10 15:47:53 [INFO ] Server:60 - client Java connected
2019-06-10 15:47:54 [INFO ] Server:60 - client Java connected
2019-06-10 15:48:06 [INFO ] Server:30 - asdas connected
2019-06-10 15:48:06 [INFO ] Server:124 - client Java connected to agent asdas
2019-06-10 15:53:41 [INFO ] Server:15 - Server start
2019-06-10 15:53:50 [INFO ] Server:60 - client User connected
2019-06-10 15:58:18 [INFO ] Server:15 - Server start
2019-06-10 15:58:31 [INFO ] Server:60 - client java connected
2019-06-10 16:02:00 [INFO ] Server:15 - Server start
2019-06-10 16:02:21 [INFO ] Server:60 - client javac connected
2019-06-10 16:03:58 [INFO ] Server:15 - Server start
2019-06-10 16:04:07 [INFO ] Server:60 - client java connected
2019-06-10 16:06:18 [INFO ] Server:15 - Server start
2019-06-10 16:06:30 [INFO ] Server:60 - client java connected
2019-06-13 22:04:52 [INFO ] Server:15 - Server start
2019-06-13 22:05:05 [INFO ] Server:30 - Java connected
2019-06-13 22:05:14 [INFO ] Server:41 - agent Java disconnected
2019-06-13 22:05:14 [ERROR] Server:59 - incorrect exit Connection reset
2019-06-13 22:06:05 [INFO ] Server:60 - client Javac connected
2019-06-13 22:06:07 [INFO ] Server:60 - client Javac connected
2019-06-13 22:06:14 [INFO ] Server:30 - Java connected
2019-06-13 22:06:14 [INFO ] Server:124 - client Javac connected to agent Java
2019-06-13 22:06:23 [INFO ] Server:92 - Javac disconnected
2019-06-13 22:06:23 [INFO ] Server:99 - agent Java disconnected from client
2019-06-13 22:07:31 [INFO ] Server:60 - client javac connected
2019-06-13 22:07:31 [INFO ] Server:124 - client javac connected to agent Java
2019-06-13 22:07:42 [INFO ] Server:41 - agent Java disconnected
2019-06-13 22:07:42 [ERROR] Server:59 - incorrect exit Connection reset
2019-06-13 22:07:54 [INFO ] Server:15 - Server start
2019-06-13 22:08:12 [INFO ] Server:30 - javac connected
2019-06-13 22:08:19 [INFO ] Server:60 - client javac1 connected
2019-06-13 22:08:19 [INFO ] Server:124 - client javac1 connected to agent javac
2019-06-13 22:08:28 [INFO ] Server:92 - javac1 disconnected
2019-06-13 22:08:28 [INFO ] Server:99 - agent javac disconnected from client
2019-06-13 22:08:28 [ERROR] Server:74 - incorrect exit Connection reset
2019-06-13 22:08:32 [INFO ] Server:41 - agent javac disconnected
2019-06-13 22:08:32 [ERROR] Server:59 - incorrect exit Connection reset
2019-06-13 22:10:51 [INFO ] Server:15 - Server start
2019-06-13 22:11:07 [INFO ] Server:30 - Java connected
2019-06-13 22:11:13 [INFO ] Server:60 - client I connected
2019-06-13 22:11:13 [INFO ] Server:124 - client I connected to agent Java
2019-06-13 22:11:24 [INFO ] Server:41 - agent Java disconnected
2019-06-13 22:11:24 [INFO ] Server:89 - Java exit
2019-06-13 22:11:25 [INFO ] Server:92 - I disconnected
2019-06-13 22:11:34 [INFO ] Server:30 - U connected
2019-06-13 22:11:39 [INFO ] Server:60 - client P connected
2019-06-13 22:11:39 [INFO ] Server:124 - client P connected to agent U
2019-06-13 22:11:42 [INFO ] Server:92 - P disconnected
2019-06-13 22:11:42 [INFO ] Server:99 - agent U disconnected from client
2019-06-13 22:11:44 [INFO ] Server:41 - agent U disconnected
2019-06-13 22:11:44 [INFO ] Server:89 - U exit
2019-06-13 22:18:34 [INFO ] Server:60 - client A connected
2019-06-13 22:18:39 [INFO ] Server:30 - B connected
2019-06-13 22:18:39 [INFO ] Server:124 - client A connected to agent B
2019-06-13 22:18:45 [INFO ] Server:92 - A disconnected
2019-06-13 22:18:45 [INFO ] Server:99 - agent B disconnected from client
2019-06-13 22:18:49 [INFO ] Server:41 - agent B disconnected
2019-06-13 22:18:49 [INFO ] Server:89 - B exit
2019-06-13 22:20:18 [INFO ] Server:60 - client jas connected
2019-06-13 22:34:51 [INFO ] Server:92 - jas disconnected
2019-06-13 22:34:51 [ERROR] Server:74 - incorrect exit Connection reset
2019-06-13 22:40:07 [INFO ] Server:60 - client A connected
2019-06-13 22:40:09 [INFO ] Server:60 - client A connected
2019-06-13 22:40:29 [INFO ] Server:92 - A disconnected
2019-06-13 22:40:36 [INFO ] Server:30 - Java connected
2019-06-13 22:40:48 [INFO ] Server:41 - agent Java disconnected
2019-06-13 22:40:48 [INFO ] Server:89 - Java exit
2019-06-13 22:43:22 [INFO ] Server:30 - Age connected
2019-06-13 22:44:47 [INFO ] Server:41 - agent Age disconnected
2019-06-13 22:44:47 [INFO ] Server:89 - Age exit
2019-06-13 22:45:26 [INFO ] Server:30 - Java connected
2019-06-13 22:45:33 [INFO ] Server:41 - agent Java disconnected
2019-06-13 22:45:33 [INFO ] Server:89 - Java exit
2019-06-13 22:46:34 [INFO ] Server:30 - asd connected
2019-06-13 22:47:02 [INFO ] Server:41 - agent asd disconnected
2019-06-13 22:47:02 [INFO ] Server:89 - asd exit
2019-06-13 23:01:31 [INFO ] Server:15 - Server start
