2019-06-03 01:05:42 [INFO ] test:26 - null connected
2019-06-03 01:05:42 [INFO ] test:37 - agent null disconnected
2019-06-03 01:07:26 [INFO ] test:26 - null connected
2019-06-03 01:07:26 [INFO ] test:37 - agent null disconnected
2019-06-03 10:39:56 [INFO ] test:26 - Test connected
2019-06-03 10:39:56 [INFO ] test:37 - agent Test disconnected
2019-06-03 10:39:56 [INFO ] test:88 - Test exit
2019-06-03 10:40:10 [INFO ] test:26 - Test connected
2019-06-03 10:40:10 [INFO ] test:37 - agent Test disconnected
2019-06-03 10:40:10 [INFO ] test:88 - Test exit
2019-06-03 10:41:06 [INFO ] test:26 - Test connected
2019-06-03 10:41:06 [INFO ] test:37 - agent Test disconnected
2019-06-03 10:41:06 [INFO ] test:88 - Test exit
2019-06-03 10:41:25 [INFO ] test:26 - Test connected
2019-06-03 10:41:25 [INFO ] test:37 - agent Test disconnected
2019-06-03 10:41:25 [INFO ] test:88 - Test exit
2019-06-03 10:41:37 [INFO ] test:26 - Test connected
2019-06-03 10:41:37 [INFO ] test:37 - agent Test disconnected
2019-06-03 10:41:37 [INFO ] test:88 - Test exit
2019-06-03 10:42:36 [INFO ] test:26 - Test connected
2019-06-03 10:42:36 [INFO ] test:37 - agent Test disconnected
2019-06-03 10:42:36 [INFO ] test:88 - Test exit
2019-06-03 10:43:22 [INFO ] test:26 - Test connected
2019-06-03 10:43:22 [INFO ] test:37 - agent Test disconnected
2019-06-03 10:43:22 [INFO ] test:88 - Test exit
2019-06-03 10:43:53 [INFO ] test:26 - Test connected
2019-06-03 10:43:53 [INFO ] test:37 - agent Test disconnected
2019-06-03 10:43:53 [INFO ] test:88 - Test exit
2019-06-03 10:45:14 [INFO ] test:26 - Test connected
2019-06-03 10:45:14 [INFO ] test:37 - agent Test disconnected
2019-06-03 10:45:14 [INFO ] test:88 - Test exit
2019-06-03 10:45:42 [INFO ] test:26 - Test connected
2019-06-03 10:45:42 [INFO ] test:37 - agent Test disconnected
2019-06-03 10:45:42 [INFO ] test:88 - Test exit
2019-06-03 10:46:34 [INFO ] test:26 - Test connected
2019-06-03 10:46:34 [INFO ] test:37 - agent Test disconnected
2019-06-03 10:46:34 [INFO ] test:88 - Test exit
2019-06-03 10:46:56 [INFO ] test:26 - Test connected
2019-06-03 10:46:56 [INFO ] test:37 - agent Test disconnected
2019-06-03 10:46:56 [INFO ] test:88 - Test exit
2019-06-03 10:51:59 [INFO ] test:54 - client Test connected
2019-06-03 10:51:59 [INFO ] test:86 - Test disconnected
2019-06-05 17:23:43 [INFO ] test:28 - Test connected
2019-06-05 17:23:43 [INFO ] test:39 - agent Test disconnected
2019-06-05 17:23:43 [INFO ] test:89 - Test exit
2019-06-05 17:23:43 [INFO ] test:56 - client Test connected
2019-06-05 17:23:43 [INFO ] test:88 - Test disconnected
2019-06-05 17:23:43 [INFO ] server:39 - agent Alice disconnected
2019-06-05 17:23:43 [INFO ] server:88 - Cooper disconnected
2019-06-05 17:23:43 [INFO ] server:94 - agent Alice disconnected from client
2019-06-05 17:23:43 [INFO ] server:28 - Alice connected
2019-06-05 17:23:43 [INFO ] server:56 - client Cooper connected
2019-06-05 17:23:43 [INFO ] server:118 - client Cooper connected to agent Alice
2019-06-05 17:23:43 [INFO ] server:69 - client Cooper disconnected from agent Alice
2019-06-05 17:23:43 [INFO ] server:56 - client Alice connected
2019-06-05 17:23:43 [INFO ] server:88 - Cooper disconnected
2019-06-05 17:23:43 [INFO ] server:39 - agent Alice disconnected
2019-06-05 17:23:43 [INFO ] server:28 - Cooper connected
2019-06-05 17:24:24 [INFO ] test:28 - Test connected
2019-06-05 17:24:24 [INFO ] test:39 - agent Test disconnected
2019-06-05 17:24:24 [INFO ] test:89 - Test exit
2019-06-05 17:24:25 [INFO ] test:56 - client Test connected
2019-06-05 17:24:25 [INFO ] test:88 - Test disconnected
2019-06-05 17:24:25 [INFO ] server:39 - agent Alice disconnected
2019-06-05 17:24:25 [INFO ] server:88 - Cooper disconnected
2019-06-05 17:24:25 [INFO ] server:94 - agent Alice disconnected from client
2019-06-05 17:24:25 [INFO ] server:28 - Alice connected
2019-06-05 17:24:25 [INFO ] server:56 - client Cooper connected
2019-06-05 17:24:25 [INFO ] server:118 - client Cooper connected to agent Alice
2019-06-05 17:24:25 [INFO ] server:69 - client Cooper disconnected from agent Alice
2019-06-05 17:24:25 [INFO ] server:56 - client Alice connected
2019-06-05 17:24:25 [INFO ] server:88 - Cooper disconnected
2019-06-05 17:24:25 [INFO ] server:39 - agent Alice disconnected
2019-06-05 17:24:25 [INFO ] server:28 - Cooper connected
2019-06-05 17:24:58 [INFO ] server:69 - client Cooper disconnected from agent Alice
2019-06-05 17:26:33 [INFO ] server:69 - client Cooper disconnected from agent Alice
2019-06-05 17:26:51 [INFO ] test:28 - Test connected
2019-06-05 17:26:51 [INFO ] test:39 - agent Test disconnected
2019-06-05 17:26:51 [INFO ] test:89 - Test exit
2019-06-05 17:26:52 [INFO ] test:56 - client Test connected
2019-06-05 17:26:52 [INFO ] test:88 - Test disconnected
2019-06-05 17:26:52 [INFO ] server:39 - agent Alice disconnected
2019-06-05 17:26:52 [INFO ] server:88 - Cooper disconnected
2019-06-05 17:26:52 [INFO ] server:94 - agent Alice disconnected from client
2019-06-05 17:26:52 [INFO ] server:28 - Alice connected
2019-06-05 17:26:52 [INFO ] server:56 - client Cooper connected
2019-06-05 17:26:52 [INFO ] server:118 - client Cooper connected to agent Alice
2019-06-05 17:26:52 [INFO ] server:69 - client Cooper disconnected from agent Alice
2019-06-05 17:26:52 [INFO ] server:56 - client Alice connected
2019-06-05 17:26:52 [INFO ] server:88 - Cooper disconnected
2019-06-05 17:26:52 [INFO ] server:39 - agent Alice disconnected
2019-06-05 17:26:52 [INFO ] server:28 - Cooper connected
2019-06-05 17:28:39 [INFO ] test:28 - Test connected
2019-06-05 17:28:39 [INFO ] test:39 - agent Test disconnected
2019-06-05 17:28:39 [INFO ] test:89 - Test exit
2019-06-05 17:28:39 [INFO ] test:56 - client Test connected
2019-06-05 17:28:39 [INFO ] test:88 - Test disconnected
2019-06-05 17:28:40 [INFO ] server:39 - agent Alice disconnected
2019-06-05 17:28:40 [INFO ] server:88 - Cooper disconnected
2019-06-05 17:28:40 [INFO ] server:94 - agent Alice disconnected from client
2019-06-05 17:28:40 [INFO ] server:28 - Alice connected
2019-06-05 17:28:40 [INFO ] server:56 - client Cooper connected
2019-06-05 17:28:40 [INFO ] server:118 - client Cooper connected to agent Alice
2019-06-05 17:28:40 [INFO ] server:69 - client Cooper disconnected from agent Alice
2019-06-05 17:28:40 [INFO ] server:56 - client Alice connected
2019-06-05 17:28:40 [INFO ] server:88 - Cooper disconnected
2019-06-05 17:28:40 [INFO ] server:39 - agent Alice disconnected
2019-06-05 17:28:40 [INFO ] server:28 - Cooper connected
2019-06-05 17:31:12 [INFO ] test:28 - Test connected
2019-06-05 17:31:12 [INFO ] test:39 - agent Test disconnected
2019-06-05 17:31:12 [INFO ] test:89 - Test exit
2019-06-05 17:31:13 [INFO ] test:56 - client Test connected
2019-06-05 17:31:13 [INFO ] test:88 - Test disconnected
2019-06-05 17:31:13 [INFO ] server:39 - agent Alice disconnected
2019-06-05 17:31:13 [INFO ] server:88 - Cooper disconnected
2019-06-05 17:31:13 [INFO ] server:94 - agent Alice disconnected from client
2019-06-05 17:31:13 [INFO ] server:28 - Alice connected
2019-06-05 17:31:13 [INFO ] server:56 - client Cooper connected
2019-06-05 17:31:13 [INFO ] server:118 - client Cooper connected to agent Alice
2019-06-05 17:31:13 [INFO ] server:69 - client Cooper disconnected from agent Alice
2019-06-05 17:31:13 [INFO ] server:56 - client Alice connected
2019-06-05 17:31:13 [INFO ] server:88 - Cooper disconnected
2019-06-05 17:31:13 [INFO ] server:39 - agent Alice disconnected
2019-06-05 17:31:13 [INFO ] server:28 - Cooper connected
2019-06-05 17:34:34 [INFO ] test:28 - Test connected
2019-06-05 17:34:34 [INFO ] test:39 - agent Test disconnected
2019-06-05 17:34:34 [INFO ] test:89 - Test exit
2019-06-05 17:34:34 [INFO ] test:56 - client Test connected
2019-06-05 17:34:34 [INFO ] test:88 - Test disconnected
2019-06-05 17:34:34 [INFO ] server:39 - agent Alice disconnected
2019-06-05 17:34:34 [INFO ] server:88 - Cooper disconnected
2019-06-05 17:34:34 [INFO ] server:94 - agent Alice disconnected from client
2019-06-05 17:34:34 [INFO ] server:28 - Alice connected
2019-06-05 17:34:34 [INFO ] server:56 - client Cooper connected
2019-06-05 17:34:34 [INFO ] server:118 - client Cooper connected to agent Alice
2019-06-05 17:34:34 [INFO ] server:69 - client Cooper disconnected from agent Alice
2019-06-05 17:34:34 [INFO ] server:56 - client Alice connected
2019-06-05 17:34:34 [INFO ] server:88 - Cooper disconnected
2019-06-05 17:34:34 [INFO ] server:39 - agent Alice disconnected
2019-06-05 17:34:34 [INFO ] server:28 - Cooper connected
2019-06-05 17:36:06 [INFO ] server:39 - agent Alice disconnected
2019-06-05 17:36:06 [INFO ] server:88 - Cooper disconnected
2019-06-05 17:36:06 [INFO ] server:94 - agent Alice disconnected from client
2019-06-05 17:36:06 [INFO ] server:28 - Alice connected
2019-06-05 17:36:06 [INFO ] server:56 - client Cooper connected
2019-06-05 17:36:06 [INFO ] server:118 - client Cooper connected to agent Alice
2019-06-05 17:36:06 [INFO ] server:69 - client Cooper disconnected from agent Alice
2019-06-05 17:36:06 [INFO ] server:56 - client Alice connected
2019-06-05 17:36:06 [INFO ] server:88 - Cooper disconnected
2019-06-05 17:36:06 [INFO ] server:39 - agent Alice disconnected
2019-06-05 17:36:06 [INFO ] server:28 - Cooper connected
2019-06-05 17:36:36 [INFO ] test:28 - Test connected
2019-06-05 17:36:36 [INFO ] test:39 - agent Test disconnected
2019-06-05 17:36:36 [INFO ] test:89 - Test exit
2019-06-05 17:36:37 [INFO ] test:56 - client Test connected
2019-06-05 17:36:37 [INFO ] test:88 - Test disconnected
2019-06-05 17:36:37 [INFO ] server:39 - agent Alice disconnected
2019-06-05 17:36:37 [INFO ] server:88 - Cooper disconnected
2019-06-05 17:36:37 [INFO ] server:94 - agent Alice disconnected from client
2019-06-05 17:36:37 [INFO ] server:28 - Alice connected
2019-06-05 17:36:37 [INFO ] server:56 - client Cooper connected
2019-06-05 17:36:37 [INFO ] server:118 - client Cooper connected to agent Alice
2019-06-05 17:36:37 [INFO ] server:69 - client Cooper disconnected from agent Alice
2019-06-05 17:36:37 [INFO ] server:56 - client Alice connected
2019-06-05 17:36:37 [INFO ] server:88 - Cooper disconnected
2019-06-05 17:36:37 [INFO ] server:39 - agent Alice disconnected
2019-06-05 17:36:37 [INFO ] server:28 - Cooper connected
2019-06-05 17:38:39 [INFO ] test:28 - Test connected
2019-06-05 17:38:39 [INFO ] test:39 - agent Test disconnected
2019-06-05 17:38:39 [INFO ] test:89 - Test exit
2019-06-05 17:38:39 [INFO ] test:56 - client Test connected
2019-06-05 17:38:39 [INFO ] test:88 - Test disconnected
2019-06-05 17:38:40 [INFO ] server:39 - agent Alice disconnected
2019-06-05 17:38:40 [INFO ] server:88 - Cooper disconnected
2019-06-05 17:38:40 [INFO ] server:94 - agent Alice disconnected from client
2019-06-05 17:38:40 [INFO ] server:28 - Alice connected
2019-06-05 17:38:40 [INFO ] server:56 - client Cooper connected
2019-06-05 17:38:40 [INFO ] server:118 - client Cooper connected to agent Alice
2019-06-05 17:38:40 [INFO ] server:69 - client Cooper disconnected from agent Alice
2019-06-05 17:38:40 [INFO ] server:56 - client Alice connected
2019-06-05 17:38:40 [INFO ] server:88 - Cooper disconnected
2019-06-05 17:38:40 [INFO ] server:39 - agent Alice disconnected
2019-06-05 17:38:40 [INFO ] server:28 - Cooper connected
2019-06-05 17:42:15 [INFO ] test:28 - Test connected
2019-06-05 17:42:15 [INFO ] test:39 - agent Test disconnected
2019-06-05 17:42:15 [INFO ] test:89 - Test exit
2019-06-05 17:42:15 [INFO ] test:56 - client Test connected
2019-06-05 17:42:15 [INFO ] test:88 - Test disconnected
2019-06-05 17:42:16 [INFO ] server:39 - agent Alice disconnected
2019-06-05 17:42:16 [INFO ] server:88 - Cooper disconnected
2019-06-05 17:42:16 [INFO ] server:94 - agent Alice disconnected from client
2019-06-05 17:42:16 [INFO ] server:28 - Alice connected
2019-06-05 17:42:16 [INFO ] server:56 - client Cooper connected
2019-06-05 17:42:16 [INFO ] server:118 - client Cooper connected to agent Alice
2019-06-05 17:42:16 [INFO ] server:69 - client Cooper disconnected from agent Alice
2019-06-05 17:42:16 [INFO ] server:56 - client Alice connected
2019-06-05 17:42:16 [INFO ] server:88 - Cooper disconnected
2019-06-05 17:42:16 [INFO ] server:39 - agent Alice disconnected
2019-06-05 17:42:16 [INFO ] server:28 - Cooper connected
2019-06-05 17:45:07 [INFO ] test:28 - Test connected
2019-06-05 17:45:07 [INFO ] test:39 - agent Test disconnected
2019-06-05 17:45:07 [INFO ] test:89 - Test exit
2019-06-05 17:45:07 [INFO ] test:56 - client Test connected
2019-06-05 17:45:07 [INFO ] test:88 - Test disconnected
2019-06-05 17:45:07 [INFO ] server:39 - agent Alice disconnected
2019-06-05 17:45:07 [INFO ] server:88 - Cooper disconnected
2019-06-05 17:45:07 [INFO ] server:94 - agent Alice disconnected from client
2019-06-05 17:45:07 [INFO ] server:28 - Alice connected
2019-06-05 17:45:07 [INFO ] server:56 - client Cooper connected
2019-06-05 17:45:07 [INFO ] server:118 - client Cooper connected to agent Alice
2019-06-05 17:45:07 [INFO ] server:69 - client Cooper disconnected from agent Alice
2019-06-05 17:45:07 [INFO ] server:56 - client Alice connected
2019-06-05 17:45:07 [INFO ] server:88 - Cooper disconnected
2019-06-05 17:45:07 [INFO ] server:39 - agent Alice disconnected
2019-06-05 17:45:07 [INFO ] server:28 - Cooper connected
2019-06-05 18:07:15 [INFO ] test:28 - Test connected
2019-06-05 18:07:15 [INFO ] test:39 - agent Test disconnected
2019-06-05 18:07:15 [INFO ] test:89 - Test exit
2019-06-05 18:07:15 [INFO ] test:56 - client Test connected
2019-06-05 18:07:15 [INFO ] test:88 - Test disconnected
2019-06-05 18:07:15 [INFO ] server:39 - agent Alice disconnected
2019-06-05 18:07:15 [INFO ] server:88 - Cooper disconnected
2019-06-05 18:07:15 [INFO ] server:94 - agent Alice disconnected from client
2019-06-05 18:07:15 [INFO ] server:28 - Alice connected
2019-06-05 18:07:15 [INFO ] server:56 - client Cooper connected
2019-06-05 18:07:15 [INFO ] server:118 - client Cooper connected to agent Alice
2019-06-05 18:07:15 [INFO ] server:69 - client Cooper disconnected from agent Alice
2019-06-05 18:07:15 [INFO ] server:56 - client Alice connected
2019-06-05 18:07:15 [INFO ] server:88 - Cooper disconnected
2019-06-05 18:07:15 [INFO ] server:39 - agent Alice disconnected
2019-06-05 18:07:15 [INFO ] server:28 - Cooper connected
2019-06-05 18:08:14 [INFO ] test:28 - Test connected
2019-06-05 18:08:14 [INFO ] test:39 - agent Test disconnected
2019-06-05 18:08:14 [INFO ] test:89 - Test exit
2019-06-05 18:08:14 [INFO ] test:56 - client Test connected
2019-06-05 18:08:14 [INFO ] test:88 - Test disconnected
2019-06-05 18:08:14 [INFO ] server:39 - agent Alice disconnected
2019-06-05 18:08:14 [INFO ] server:88 - Cooper disconnected
2019-06-05 18:08:14 [INFO ] server:94 - agent Alice disconnected from client
2019-06-05 18:08:14 [INFO ] server:28 - Alice connected
2019-06-05 18:08:14 [INFO ] server:56 - client Cooper connected
2019-06-05 18:08:14 [INFO ] server:118 - client Cooper connected to agent Alice
2019-06-05 18:08:14 [INFO ] server:69 - client Cooper disconnected from agent Alice
2019-06-05 18:08:14 [INFO ] server:56 - client Alice connected
2019-06-05 18:08:14 [INFO ] server:88 - Cooper disconnected
2019-06-05 18:08:14 [INFO ] server:39 - agent Alice disconnected
2019-06-05 18:08:14 [INFO ] server:28 - Cooper connected
2019-06-05 18:13:59 [INFO ] test:28 - Test connected
2019-06-05 18:13:59 [INFO ] test:39 - agent Test disconnected
2019-06-05 18:13:59 [INFO ] test:89 - Test exit
2019-06-05 18:14:00 [INFO ] test:56 - client Test connected
2019-06-05 18:14:00 [INFO ] test:88 - Test disconnected
2019-06-05 18:14:00 [INFO ] server:39 - agent Alice disconnected
2019-06-05 18:14:00 [INFO ] server:88 - Cooper disconnected
2019-06-05 18:14:00 [INFO ] server:94 - agent Alice disconnected from client
2019-06-05 18:14:00 [INFO ] server:28 - Alice connected
2019-06-05 18:14:00 [INFO ] server:56 - client Cooper connected
2019-06-05 18:14:00 [INFO ] server:118 - client Cooper connected to agent Alice
2019-06-05 18:14:00 [INFO ] server:69 - client Cooper disconnected from agent Alice
2019-06-05 18:14:00 [INFO ] server:56 - client Alice connected
2019-06-05 18:14:00 [INFO ] server:88 - Cooper disconnected
2019-06-05 18:14:00 [INFO ] server:39 - agent Alice disconnected
2019-06-05 18:14:00 [INFO ] server:28 - Cooper connected
2019-06-05 18:15:29 [INFO ] test:28 - Test connected
2019-06-05 18:15:29 [INFO ] test:39 - agent Test disconnected
2019-06-05 18:15:29 [INFO ] test:89 - Test exit
2019-06-05 18:15:29 [INFO ] test:56 - client Test connected
2019-06-05 18:15:29 [INFO ] test:88 - Test disconnected
2019-06-05 18:15:29 [INFO ] server:39 - agent Alice disconnected
2019-06-05 18:15:29 [INFO ] server:88 - Cooper disconnected
2019-06-05 18:15:29 [INFO ] server:94 - agent Alice disconnected from client
2019-06-05 18:15:29 [INFO ] server:28 - Alice connected
2019-06-05 18:15:29 [INFO ] server:56 - client Cooper connected
2019-06-05 18:15:29 [INFO ] server:118 - client Cooper connected to agent Alice
2019-06-05 18:15:29 [INFO ] server:69 - client Cooper disconnected from agent Alice
2019-06-05 18:15:29 [INFO ] server:56 - client Alice connected
2019-06-05 18:15:29 [INFO ] server:88 - Cooper disconnected
2019-06-05 18:15:29 [INFO ] server:39 - agent Alice disconnected
2019-06-05 18:15:29 [INFO ] server:28 - Cooper connected
2019-06-05 18:18:12 [INFO ] test:28 - Test connected
2019-06-05 18:18:12 [INFO ] test:39 - agent Test disconnected
2019-06-05 18:18:12 [INFO ] test:89 - Test exit
2019-06-05 18:18:12 [INFO ] test:56 - client Test connected
2019-06-05 18:18:12 [INFO ] test:88 - Test disconnected
2019-06-05 18:18:13 [INFO ] server:39 - agent Alice disconnected
2019-06-05 18:18:13 [INFO ] server:88 - Cooper disconnected
2019-06-05 18:18:13 [INFO ] server:94 - agent Alice disconnected from client
2019-06-05 18:18:13 [INFO ] server:28 - Alice connected
2019-06-05 18:18:13 [INFO ] server:56 - client Cooper connected
2019-06-05 18:18:13 [INFO ] server:118 - client Cooper connected to agent Alice
2019-06-05 18:18:13 [INFO ] server:69 - client Cooper disconnected from agent Alice
2019-06-05 18:18:13 [INFO ] server:56 - client Alice connected
2019-06-05 18:18:13 [INFO ] server:88 - Cooper disconnected
2019-06-05 18:18:13 [INFO ] server:39 - agent Alice disconnected
2019-06-05 18:18:13 [INFO ] server:28 - Cooper connected
2019-06-05 18:23:08 [INFO ] test:28 - Test connected
2019-06-05 18:23:08 [INFO ] test:39 - agent Test disconnected
2019-06-05 18:23:08 [INFO ] test:89 - Test exit
2019-06-05 18:23:08 [INFO ] test:56 - client Test connected
2019-06-05 18:23:08 [INFO ] test:88 - Test disconnected
2019-06-05 18:23:09 [INFO ] server:39 - agent Alice disconnected
2019-06-05 18:23:09 [INFO ] server:88 - Cooper disconnected
2019-06-05 18:23:09 [INFO ] server:94 - agent Alice disconnected from client
2019-06-05 18:23:09 [INFO ] server:28 - Alice connected
2019-06-05 18:23:09 [INFO ] server:56 - client Cooper connected
2019-06-05 18:23:09 [INFO ] server:118 - client Cooper connected to agent Alice
2019-06-05 18:23:09 [INFO ] server:69 - client Cooper disconnected from agent Alice
2019-06-05 18:23:09 [INFO ] server:56 - client Alice connected
2019-06-05 18:23:09 [INFO ] server:88 - Cooper disconnected
2019-06-05 18:23:09 [INFO ] server:39 - agent Alice disconnected
2019-06-05 18:23:09 [INFO ] server:28 - Cooper connected
2019-06-05 18:27:03 [INFO ] test:28 - Test connected
2019-06-05 18:27:03 [INFO ] test:39 - agent Test disconnected
2019-06-05 18:27:03 [INFO ] test:89 - Test exit
2019-06-05 18:27:03 [INFO ] test:56 - client Test connected
2019-06-05 18:27:03 [INFO ] test:88 - Test disconnected
2019-06-05 18:27:04 [INFO ] server:39 - agent Alice disconnected
2019-06-05 18:27:04 [INFO ] server:88 - Cooper disconnected
2019-06-05 18:27:04 [INFO ] server:94 - agent Alice disconnected from client
2019-06-05 18:27:04 [INFO ] server:28 - Alice connected
2019-06-05 18:27:04 [INFO ] server:56 - client Cooper connected
2019-06-05 18:27:04 [INFO ] server:118 - client Cooper connected to agent Alice
2019-06-05 18:27:04 [INFO ] server:69 - client Cooper disconnected from agent Alice
2019-06-05 18:27:04 [INFO ] server:56 - client Alice connected
2019-06-05 18:27:04 [INFO ] server:88 - Cooper disconnected
2019-06-05 18:27:04 [INFO ] server:39 - agent Alice disconnected
2019-06-05 18:27:04 [INFO ] server:28 - Cooper connected
2019-06-05 18:27:53 [INFO ] test:28 - Test connected
2019-06-05 18:27:53 [INFO ] test:39 - agent Test disconnected
2019-06-05 18:27:53 [INFO ] test:89 - Test exit
2019-06-05 18:27:53 [INFO ] test:56 - client Test connected
2019-06-05 18:27:53 [INFO ] test:88 - Test disconnected
2019-06-05 18:27:53 [INFO ] server:39 - agent Alice disconnected
2019-06-05 18:27:53 [INFO ] server:88 - Cooper disconnected
2019-06-05 18:27:53 [INFO ] server:94 - agent Alice disconnected from client
2019-06-05 18:27:53 [INFO ] server:28 - Alice connected
2019-06-05 18:27:53 [INFO ] server:56 - client Cooper connected
2019-06-05 18:27:53 [INFO ] server:118 - client Cooper connected to agent Alice
2019-06-05 18:27:53 [INFO ] server:69 - client Cooper disconnected from agent Alice
2019-06-05 18:27:53 [INFO ] server:56 - client Alice connected
2019-06-05 18:27:53 [INFO ] server:88 - Cooper disconnected
2019-06-05 18:27:53 [INFO ] server:39 - agent Alice disconnected
2019-06-05 18:27:53 [INFO ] server:28 - Cooper connected
2019-06-05 18:32:36 [INFO ] test:28 - Test connected
2019-06-05 18:32:36 [INFO ] test:39 - agent Test disconnected
2019-06-05 18:32:36 [INFO ] test:89 - Test exit
2019-06-05 18:32:36 [INFO ] test:56 - client Test connected
2019-06-05 18:32:36 [INFO ] test:88 - Test disconnected
2019-06-05 18:32:37 [INFO ] server:39 - agent Alice disconnected
2019-06-05 18:32:37 [INFO ] server:88 - Cooper disconnected
2019-06-05 18:32:37 [INFO ] server:94 - agent Alice disconnected from client
2019-06-05 18:32:37 [INFO ] server:28 - Alice connected
2019-06-05 18:32:37 [INFO ] server:56 - client Cooper connected
2019-06-05 18:32:37 [INFO ] server:118 - client Cooper connected to agent Alice
2019-06-05 18:32:37 [INFO ] server:69 - client Cooper disconnected from agent Alice
2019-06-05 18:32:37 [INFO ] server:56 - client Alice connected
2019-06-05 18:32:37 [INFO ] server:88 - Cooper disconnected
2019-06-05 18:32:37 [INFO ] server:39 - agent Alice disconnected
2019-06-05 18:32:37 [INFO ] server:28 - Cooper connected
2019-06-05 18:44:19 [INFO ] test:28 - Test connected
2019-06-05 18:44:19 [INFO ] test:39 - agent Test disconnected
2019-06-05 18:44:19 [INFO ] test:89 - Test exit
2019-06-05 18:44:20 [INFO ] test:56 - client Test connected
2019-06-05 18:44:20 [INFO ] test:88 - Test disconnected
2019-06-05 18:44:20 [INFO ] server:39 - agent Alice disconnected
2019-06-05 18:44:20 [INFO ] server:88 - Cooper disconnected
2019-06-05 18:44:20 [INFO ] server:94 - agent Alice disconnected from client
2019-06-05 18:44:20 [INFO ] server:28 - Alice connected
2019-06-05 18:44:20 [INFO ] server:56 - client Cooper connected
2019-06-05 18:44:20 [INFO ] server:118 - client Cooper connected to agent Alice
2019-06-05 18:44:20 [INFO ] server:69 - client Cooper disconnected from agent Alice
2019-06-05 18:44:20 [INFO ] server:56 - client Alice connected
2019-06-05 18:44:20 [INFO ] server:88 - Cooper disconnected
2019-06-05 18:44:20 [INFO ] server:39 - agent Alice disconnected
2019-06-05 18:44:20 [INFO ] server:28 - Cooper connected
2019-06-05 18:45:17 [INFO ] test:28 - Test connected
2019-06-05 18:45:17 [INFO ] test:39 - agent Test disconnected
2019-06-05 18:45:17 [INFO ] test:89 - Test exit
2019-06-05 18:45:17 [INFO ] test:56 - client Test connected
2019-06-05 18:45:17 [INFO ] test:88 - Test disconnected
2019-06-05 18:45:17 [INFO ] server:39 - agent Alice disconnected
2019-06-05 18:45:17 [INFO ] server:88 - Cooper disconnected
2019-06-05 18:45:17 [INFO ] server:94 - agent Alice disconnected from client
2019-06-05 18:45:17 [INFO ] server:28 - Alice connected
2019-06-05 18:45:17 [INFO ] server:56 - client Cooper connected
2019-06-05 18:45:17 [INFO ] server:118 - client Cooper connected to agent Alice
2019-06-05 18:45:18 [INFO ] server:69 - client Cooper disconnected from agent Alice
2019-06-05 18:45:18 [INFO ] server:56 - client Alice connected
2019-06-05 18:45:18 [INFO ] server:88 - Cooper disconnected
2019-06-05 18:45:18 [INFO ] server:39 - agent Alice disconnected
2019-06-05 18:45:18 [INFO ] server:28 - Cooper connected
2019-06-05 18:48:22 [INFO ] test:28 - Test connected
2019-06-05 18:48:22 [INFO ] test:39 - agent Test disconnected
2019-06-05 18:48:22 [INFO ] test:89 - Test exit
2019-06-05 18:48:22 [INFO ] test:56 - client Test connected
2019-06-05 18:48:22 [INFO ] test:88 - Test disconnected
2019-06-05 18:48:22 [INFO ] server:39 - agent Alice disconnected
2019-06-05 18:48:22 [INFO ] server:88 - Cooper disconnected
2019-06-05 18:48:22 [INFO ] server:94 - agent Alice disconnected from client
2019-06-05 18:48:22 [INFO ] server:28 - Alice connected
2019-06-05 18:48:22 [INFO ] server:56 - client Cooper connected
2019-06-05 18:48:22 [INFO ] server:118 - client Cooper connected to agent Alice
2019-06-05 18:48:22 [INFO ] server:69 - client Cooper disconnected from agent Alice
2019-06-05 18:48:22 [INFO ] server:56 - client Alice connected
2019-06-05 18:48:22 [INFO ] server:88 - Cooper disconnected
2019-06-05 18:48:22 [INFO ] server:39 - agent Alice disconnected
2019-06-05 18:48:22 [INFO ] server:28 - Cooper connected
2019-06-05 18:55:57 [INFO ] test:28 - Test connected
2019-06-05 18:55:57 [INFO ] test:39 - agent Test disconnected
2019-06-05 18:55:57 [INFO ] test:89 - Test exit
2019-06-05 18:55:57 [INFO ] test:56 - client Test connected
2019-06-05 18:55:57 [INFO ] test:88 - Test disconnected
2019-06-05 18:55:58 [INFO ] server:39 - agent Alice disconnected
2019-06-05 18:55:58 [INFO ] server:88 - Cooper disconnected
2019-06-05 18:55:58 [INFO ] server:94 - agent Alice disconnected from client
2019-06-05 18:55:58 [INFO ] server:28 - Alice connected
2019-06-05 18:55:58 [INFO ] server:56 - client Cooper connected
2019-06-05 18:55:58 [INFO ] server:118 - client Cooper connected to agent Alice
2019-06-05 18:55:58 [INFO ] server:69 - client Cooper disconnected from agent Alice
2019-06-05 18:55:58 [INFO ] server:56 - client Alice connected
2019-06-05 18:55:58 [INFO ] server:88 - Cooper disconnected
2019-06-05 18:55:58 [INFO ] server:39 - agent Alice disconnected
2019-06-05 18:55:58 [INFO ] server:28 - Cooper connected
2019-06-05 19:02:19 [INFO ] test:28 - Test connected
2019-06-05 19:02:19 [INFO ] test:39 - agent Test disconnected
2019-06-05 19:02:19 [INFO ] test:89 - Test exit
2019-06-05 19:02:19 [INFO ] test:56 - client Test connected
2019-06-05 19:02:19 [INFO ] test:88 - Test disconnected
2019-06-05 19:02:19 [INFO ] server:39 - agent Alice disconnected
2019-06-05 19:02:19 [INFO ] server:88 - Cooper disconnected
2019-06-05 19:02:19 [INFO ] server:94 - agent Alice disconnected from client
2019-06-05 19:02:19 [INFO ] server:28 - Alice connected
2019-06-05 19:02:19 [INFO ] server:56 - client Cooper connected
2019-06-05 19:02:19 [INFO ] server:118 - client Cooper connected to agent Alice
2019-06-05 19:02:19 [INFO ] server:69 - client Cooper disconnected from agent Alice
2019-06-05 19:02:19 [INFO ] server:56 - client Alice connected
2019-06-05 19:02:19 [INFO ] server:88 - Cooper disconnected
2019-06-05 19:02:19 [INFO ] server:39 - agent Alice disconnected
2019-06-05 19:02:19 [INFO ] server:28 - Cooper connected
2019-06-05 19:03:01 [INFO ] test:28 - Test connected
2019-06-05 19:03:01 [INFO ] test:39 - agent Test disconnected
2019-06-05 19:03:01 [INFO ] test:89 - Test exit
2019-06-05 19:03:01 [INFO ] test:56 - client Test connected
2019-06-05 19:03:01 [INFO ] test:88 - Test disconnected
2019-06-05 19:03:01 [INFO ] server:39 - agent Alice disconnected
2019-06-05 19:03:01 [INFO ] server:88 - Cooper disconnected
2019-06-05 19:03:01 [INFO ] server:94 - agent Alice disconnected from client
2019-06-05 19:03:01 [INFO ] server:28 - Alice connected
2019-06-05 19:03:01 [INFO ] server:56 - client Cooper connected
2019-06-05 19:03:01 [INFO ] server:118 - client Cooper connected to agent Alice
2019-06-05 19:03:01 [INFO ] server:69 - client Cooper disconnected from agent Alice
2019-06-05 19:03:01 [INFO ] server:56 - client Alice connected
2019-06-05 19:03:01 [INFO ] server:88 - Cooper disconnected
2019-06-05 19:03:01 [INFO ] server:39 - agent Alice disconnected
2019-06-05 19:03:01 [INFO ] server:28 - Cooper connected
2019-06-05 19:04:08 [INFO ] test:28 - Test connected
2019-06-05 19:04:08 [INFO ] test:39 - agent Test disconnected
2019-06-05 19:04:08 [INFO ] test:89 - Test exit
2019-06-05 19:04:09 [INFO ] test:56 - client Test connected
2019-06-05 19:04:09 [INFO ] test:88 - Test disconnected
2019-06-05 19:04:09 [INFO ] server:39 - agent Alice disconnected
2019-06-05 19:04:09 [INFO ] server:88 - Cooper disconnected
2019-06-05 19:04:09 [INFO ] server:94 - agent Alice disconnected from client
2019-06-05 19:04:09 [INFO ] server:28 - Alice connected
2019-06-05 19:04:09 [INFO ] server:56 - client Cooper connected
2019-06-05 19:04:09 [INFO ] server:118 - client Cooper connected to agent Alice
2019-06-05 19:04:09 [INFO ] server:69 - client Cooper disconnected from agent Alice
2019-06-05 19:04:09 [INFO ] server:56 - client Alice connected
2019-06-05 19:04:09 [INFO ] server:88 - Cooper disconnected
2019-06-05 19:04:09 [INFO ] server:39 - agent Alice disconnected
2019-06-05 19:04:09 [INFO ] server:28 - Cooper connected
2019-06-05 19:04:49 [INFO ] test:28 - Test connected
2019-06-05 19:04:49 [INFO ] test:39 - agent Test disconnected
2019-06-05 19:04:49 [INFO ] test:89 - Test exit
2019-06-05 19:04:49 [INFO ] test:56 - client Test connected
2019-06-05 19:04:49 [INFO ] test:88 - Test disconnected
2019-06-05 19:04:50 [INFO ] server:39 - agent Alice disconnected
2019-06-05 19:04:50 [INFO ] server:88 - Cooper disconnected
2019-06-05 19:04:50 [INFO ] server:94 - agent Alice disconnected from client
2019-06-05 19:04:50 [INFO ] server:28 - Alice connected
2019-06-05 19:04:50 [INFO ] server:56 - client Cooper connected
2019-06-05 19:04:50 [INFO ] server:118 - client Cooper connected to agent Alice
2019-06-05 19:04:50 [INFO ] server:69 - client Cooper disconnected from agent Alice
2019-06-05 19:04:50 [INFO ] server:56 - client Alice connected
2019-06-05 19:04:50 [INFO ] server:88 - Cooper disconnected
2019-06-05 19:04:50 [INFO ] server:39 - agent Alice disconnected
2019-06-05 19:04:50 [INFO ] server:28 - Cooper connected
2019-06-05 19:05:21 [INFO ] test:28 - Test connected
2019-06-05 19:05:21 [INFO ] test:39 - agent Test disconnected
2019-06-05 19:05:21 [INFO ] test:89 - Test exit
2019-06-05 19:05:21 [INFO ] test:56 - client Test connected
2019-06-05 19:05:21 [INFO ] test:88 - Test disconnected
2019-06-05 19:05:21 [INFO ] server:39 - agent Alice disconnected
2019-06-05 19:05:21 [INFO ] server:88 - Cooper disconnected
2019-06-05 19:05:21 [INFO ] server:94 - agent Alice disconnected from client
2019-06-05 19:05:21 [INFO ] server:28 - Alice connected
2019-06-05 19:05:21 [INFO ] server:56 - client Cooper connected
2019-06-05 19:05:21 [INFO ] server:118 - client Cooper connected to agent Alice
2019-06-05 19:05:21 [INFO ] server:69 - client Cooper disconnected from agent Alice
2019-06-05 19:05:21 [INFO ] server:56 - client Alice connected
2019-06-05 19:05:21 [INFO ] server:88 - Cooper disconnected
2019-06-05 19:05:21 [INFO ] server:39 - agent Alice disconnected
2019-06-05 19:05:21 [INFO ] server:28 - Cooper connected
2019-06-05 19:33:17 [INFO ] test:28 - Test connected
2019-06-05 19:33:17 [INFO ] test:39 - agent Test disconnected
2019-06-05 19:33:17 [INFO ] test:89 - Test exit
2019-06-05 19:33:17 [INFO ] test:56 - client Test connected
2019-06-05 19:33:17 [INFO ] test:88 - Test disconnected
2019-06-05 19:33:18 [INFO ] server:39 - agent Alice disconnected
2019-06-05 19:33:18 [INFO ] server:88 - Cooper disconnected
2019-06-05 19:33:18 [INFO ] server:94 - agent Alice disconnected from client
2019-06-05 19:33:18 [INFO ] server:28 - Alice connected
2019-06-05 19:33:18 [INFO ] server:56 - client Cooper connected
2019-06-05 19:33:18 [INFO ] server:118 - client Cooper connected to agent Alice
2019-06-05 19:33:18 [INFO ] server:69 - client Cooper disconnected from agent Alice
2019-06-05 19:33:18 [INFO ] server:56 - client Alice connected
2019-06-05 19:33:18 [INFO ] server:88 - Cooper disconnected
2019-06-05 19:33:18 [INFO ] server:39 - agent Alice disconnected
2019-06-05 19:33:18 [INFO ] server:28 - Cooper connected
2019-06-05 20:42:22 [INFO ] test:28 - Test connected
2019-06-05 20:42:22 [INFO ] test:39 - agent Test disconnected
2019-06-05 20:42:22 [INFO ] test:89 - Test exit
2019-06-05 20:42:22 [INFO ] test:56 - client Test connected
2019-06-05 20:42:22 [INFO ] test:88 - Test disconnected
2019-06-05 20:42:23 [INFO ] server:39 - agent Alice disconnected
2019-06-05 20:42:23 [INFO ] server:88 - Cooper disconnected
2019-06-05 20:42:23 [INFO ] server:94 - agent Alice disconnected from client
2019-06-05 20:42:23 [INFO ] server:28 - Alice connected
2019-06-05 20:42:23 [INFO ] server:56 - client Cooper connected
2019-06-05 20:42:23 [INFO ] server:118 - client Cooper connected to agent Alice
2019-06-05 20:42:23 [INFO ] server:69 - client Cooper disconnected from agent Alice
2019-06-05 20:42:23 [INFO ] server:56 - client Alice connected
2019-06-05 20:42:23 [INFO ] server:88 - Cooper disconnected
2019-06-05 20:42:23 [INFO ] server:39 - agent Alice disconnected
2019-06-05 20:42:23 [INFO ] server:28 - Cooper connected
2019-06-13 23:11:41 [INFO ] test:30 - Test connected
2019-06-13 23:11:41 [INFO ] test:41 - agent Test disconnected
2019-06-13 23:11:41 [INFO ] test:89 - Test exit
2019-06-13 23:11:41 [INFO ] test:60 - client Test connected
2019-06-13 23:11:41 [INFO ] test:92 - Test disconnected
2019-06-13 23:11:41 [INFO ] server:41 - agent Alice disconnected
2019-06-13 23:11:41 [INFO ] server:92 - Cooper disconnected
2019-06-13 23:11:41 [INFO ] server:99 - agent Alice disconnected from client
2019-06-13 23:11:41 [INFO ] server:30 - Alice connected
2019-06-13 23:11:41 [INFO ] server:60 - client Cooper connected
2019-06-13 23:11:41 [INFO ] server:124 - client Cooper connected to agent Alice
2019-06-13 23:11:41 [INFO ] server:73 - client Cooper disconnected from agent Alice
2019-06-13 23:11:41 [INFO ] server:60 - client Alice connected
2019-06-13 23:11:41 [INFO ] server:92 - Cooper disconnected
2019-06-13 23:11:41 [INFO ] server:41 - agent Alice disconnected
2019-06-13 23:11:41 [INFO ] server:30 - Cooper connected
